<?xml version="1.0" encoding="UTF-8"?>
<!-- Generated by org.testng.reporters.JUnitReportReporter -->
<testsuite hostname="Keerthana" failures="0" tests="1" name="com.js.tests.HomePageTest" time="4.020" errors="0" timestamp="2024-07-12T22:41:22 IST" skipped="0">
  <testcase classname="com.js.tests.HomePageTest" name="mainPageTest" time="4.020"/>
</testsuite> <!-- com.js.tests.HomePageTest -->
