<?xml version="1.0" encoding="UTF-8"?>
<!-- Generated by org.testng.reporters.JUnitReportReporter -->
<testsuite hostname="Keerthana" failures="0" tests="1" name="com.js.tests.LoginPageTest" time="0.479" errors="0" timestamp="2024-07-12T22:41:22 IST" skipped="0">
  <testcase classname="com.js.tests.LoginPageTest" name="loginTest" time="0.479"/>
</testsuite> <!-- com.js.tests.LoginPageTest -->
