<?xml version="1.0" encoding="UTF-8"?>
<!-- Generated by org.testng.reporters.JUnitReportReporter -->
<testsuite hostname="Keerthana" failures="0" tests="1" name="com.js.tests.ProductPageTest" time="0.892" errors="0" timestamp="2024-07-12T22:41:22 IST" skipped="0">
  <testcase classname="com.js.tests.ProductPageTest" name="addProduct" time="0.892"/>
</testsuite> <!-- com.js.tests.ProductPageTest -->
