<?xml version="1.0" encoding="UTF-8"?>
<!-- Generated by org.testng.reporters.JUnitReportReporter -->
<testsuite hostname="Keerthana" failures="0" tests="1" name="com.js.tests.DemoTest" time="3.164" errors="0" timestamp="2024-07-11T18:17:41 IST" skipped="0">
  <testcase classname="com.js.tests.DemoTest" name="demoTest" time="3.164"/>
</testsuite> <!-- com.js.tests.DemoTest -->
