<?xml version="1.0" encoding="UTF-8"?>
<!-- Generated by org.testng.reporters.JUnitReportReporter -->
<testsuite hostname="Keerthana" failures="0" tests="1" name="com.js.tests.CheckoutPageTest" time="0.216" errors="0" timestamp="2024-07-12T22:41:22 IST" skipped="0">
  <testcase classname="com.js.tests.CheckoutPageTest" name="checkoutTest" time="0.216"/>
</testsuite> <!-- com.js.tests.CheckoutPageTest -->
